d:\facultate -----fmi\semestrul 2\oop\lab\project1\project1\debug\vc141.pdb
d:\facultate -----fmi\semestrul 2\oop\lab\project1\project1\debug\vc141.idb
d:\facultate -----fmi\semestrul 2\oop\lab\project1\project1\debug\source.obj
d:\facultate -----fmi\semestrul 2\oop\lab\project1\project1\debug\source1.obj
d:\facultate -----fmi\semestrul 2\oop\lab\project1\debug\project1.pdb
d:\facultate -----fmi\semestrul 2\oop\lab\project1\project1\debug\project1.tlog\cl.command.1.tlog
d:\facultate -----fmi\semestrul 2\oop\lab\project1\project1\debug\project1.tlog\cl.read.1.tlog
d:\facultate -----fmi\semestrul 2\oop\lab\project1\project1\debug\project1.tlog\cl.write.1.tlog
d:\facultate -----fmi\semestrul 2\oop\lab\project1\project1\debug\project1.tlog\link-cvtres.read.1.tlog
d:\facultate -----fmi\semestrul 2\oop\lab\project1\project1\debug\project1.tlog\link-cvtres.write.1.tlog
d:\facultate -----fmi\semestrul 2\oop\lab\project1\project1\debug\project1.tlog\link-rc.read.1.tlog
d:\facultate -----fmi\semestrul 2\oop\lab\project1\project1\debug\project1.tlog\link-rc.write.1.tlog
d:\facultate -----fmi\semestrul 2\oop\lab\project1\project1\debug\project1.tlog\link.9156-cvtres.read.1.tlog
d:\facultate -----fmi\semestrul 2\oop\lab\project1\project1\debug\project1.tlog\link.9156-cvtres.write.1.tlog
d:\facultate -----fmi\semestrul 2\oop\lab\project1\project1\debug\project1.tlog\link.9156-rc.read.1.tlog
d:\facultate -----fmi\semestrul 2\oop\lab\project1\project1\debug\project1.tlog\link.9156-rc.write.1.tlog
d:\facultate -----fmi\semestrul 2\oop\lab\project1\project1\debug\project1.tlog\link.9156.read.1.tlog
d:\facultate -----fmi\semestrul 2\oop\lab\project1\project1\debug\project1.tlog\link.9156.write.1.tlog
d:\facultate -----fmi\semestrul 2\oop\lab\project1\project1\debug\project1.tlog\link.command.1.tlog
d:\facultate -----fmi\semestrul 2\oop\lab\project1\project1\debug\project1.tlog\link.read.1.tlog
d:\facultate -----fmi\semestrul 2\oop\lab\project1\project1\debug\project1.tlog\link.write.1.tlog
